1530237009913:help
1530237024702:exit
1530255018136:help
1530255025676:element
1530255046603:generate-element
1530255148245:help
1530255154107:generate-element
1530255616345:exit
1530256186671:help
1530256194978:generate-element
1530256201477:help
1530256206200:generate-entity
1530256973598:exit
1530257174340:help
1530257179851:generate-entity
1530257268414:codeBuilder
1530257271312:help
1530257277628:generate-entity
1530257858649:help
1530257863180:generate-entity
1530258427475:help
1530258605951:exit
